[22:06:06] [main/INFO]: Loading for game Minecraft 1.16.5
[22:06:07] [ForkJoinPool-1-worker-5/WARN]: The mod "autoconfig1u" contains invalid entries in its mod json:
- Unsupported root entry "$schema" at line 2 column 14
[22:06:07] [main/INFO]: [FabricLoader] Loading 64 mods: fabric-renderer-api-v1@0.4.1+ca58154a7d, fallflyinglib@1.1.0, fabric-keybindings-v0@0.2.1+ca58154a7d, cardinal-components-block@2.7.12, fabricloader@0.11.1, fabric-structure-api-v1@1.1.4+ca58154a7d, fabric-containers-v0@0.1.11+9354966b7d, lithium@0.6.3, fabric-object-builder-api-v1@1.9.4+9354966b7d, fabric-dimensions-v1@2.0.6+9354966b7d, java@11, fabric-game-rule-api-v1@1.0.6+ca58154a7d, fabric-api-base@0.2.1+9354966b7d, fabric-rendering-data-attachment-v1@0.1.5+ca58154a7d, fabric-textures-v0@1.0.6+ca58154a7d, cardinal-components-item@2.7.12, fabric-rendering-fluids-v1@0.1.13+ca58154a7d, reach-entity-attributes@1.0.1, cardinal-components-level@2.7.12, fabric-blockrenderlayer-v1@1.1.5+ca58154a7d, fabric-lifecycle-events-v1@1.2.1+ca58154a7d, cardinal-components-chunk@2.7.12, fabric-renderer-registries-v1@2.2.1+ca58154a7d, cardinal-components-util@2.7.12, fabric-loot-tables-v1@1.0.2+ca58154a7d, cardinal-components-scoreboard@2.7.12, fabric@0.30.3+1.16, fabric-particles-v1@0.2.4+ca58154a7d, fabric-networking-v0@0.3.2+ca58154a7d, fabric-networking-blockentity-v0@0.2.8+ca58154a7d, fabric-screen-handler-api-v1@1.1.5+9354966b7d, minecraft@1.16.5, cloth-basic-math@0.5.1, fabric-command-api-v1@1.0.10+ca58154a7d, phosphor@0.7.1+build.11, fabric-screen-api-v1@1.0.0+c045166c7d, fabric-tool-attribute-api-v1@1.2.6+ca58154a7d, fabric-renderer-indigo@0.4.4+ca58154a7d, fabric-item-api-v1@1.2.1+ca58154a7d, fabric-events-interaction-v0@0.4.2+ca58154a7d, fabric-crash-report-info-v1@0.1.3+ca58154a7d, cardinal-components@2.7.12, fabric-entity-events-v1@1.0.3+ca58154a7d, origins@0.4.7, fabric-rendering-v0@1.1.2+ca58154a7d, fabric-key-binding-api-v1@1.0.4+9354966b7d, fabric-rendering-v1@1.5.1+ca58154a7d, cloth-config2@4.8.1, fabric-resource-loader-v0@0.4.2+ca58154a7d, autoconfig1u@3.2.2, fabric-content-registries-v0@0.2.1+ca58154a7d, fabric-tag-extensions-v0@1.1.1+ca58154a7d, cardinal-components-world@2.7.12, fabric-biome-api-v1@3.1.1+ca58154a7d, cardinal-components-entity@2.7.12, fabric-registry-sync-v0@0.7.4+ca58154a7d, fabric-commands-v0@0.2.2+ca58154a7d, cardinal-components-base@2.7.12, fabric-mining-levels-v0@0.1.3+ca58154a7d, fabric-networking-api-v1@1.0.1+ca58154a7d, fabric-events-lifecycle-v0@0.2.1+ca58154a7d, fabric-models-v0@0.2.1+ca58154a7d, fabric-item-groups-v0@0.2.3+ca58154a7d, fabric-object-builders-v0@0.7.2+ca58154a7d
[22:06:07] [main/INFO]: SpongePowered MIXIN Subsystem Version=0.8.2 Source=file:/C:/Users/Caleb/Desktop/Fabric/fabric-server-launch.jar Service=Knot/Fabric Env=SERVER
[22:06:13] [main/WARN]: @Mixin target net/minecraft/class_3898$class_3208 is public in fabric-networking-a[22:06:25] [main/INFO]: Origins is initializing. Have fun!
[22:06:28] [main/INFO]:[22:06:34] [main/INFO]: BeforeConstant is searching for constants in method with descriptor (Lnet/minecraft/class_1297;)V
[22:06:34] [main/INFO]:   BeforeConstant found CLASS constant: value = Lnet/minecraft/class_1309;, typeValue = Lnet/minecraft/class_1309;
[22:06:34] [main/INFO]:     BeforeConstant found a matching constant value at ordinal 0
[22:06:34] [main/INFO]:   BeforeConstant found CLASS constant: value = Lnet/minecraft/class_1309;, typeValue = Lnet/minecraft/class_1309;
[22:06:34] [main/INFO]:     BeforeConstant found a matching constant value at ordinal 1
[22:06:34] [main/INFO]:   BeforeConstant found CLASS constant: value = Lnet/minecraft/class_1309;, typeValue = Lnet/minecraft/class_1309;
[22:06:34] [main/INFO]:     BeforeConstant found a matching constant value at ordinal 2
[22:06:34] [main/INFO]:       BeforeConstant found TypeInsn       [INSTANCEOF]
[22:06:34] [main/INFO]:   BeforeConstant found CLASS constant: value = Lnet/minecraft/class_1309;, typeValue = Lnet/minecraft/class_1309;
[22:06:34] [main/INFO]:     BeforeConstant found a matching constant value at ordinal 3
in-6/ERROR]: Couldn't parse data file soup:test from soup:powers/test.json
com.google.gson.JsonParseException: com.google.gson.stream.MalformedJsonException: Unterminated object at line 10 column 3 path $.entity_action.effect
	at net.minecraft.class_3518.method_15267(class_3518.java:495) ~[intermediary-server.jar:?]
	at net.minecraft.class_3518.method_15276(class_3518.java:532) ~[intermediary-server.jar:?]
	at io.github.apace100.origins.util.MultiJsonDataLoader.lambda$prepare$1(MultiJsonDataLoader.java:57) ~[Origins-1.16.5-0.4.7.jar:?]
	at java.util.ArrayList.forEach(ArrayList.java:1541) ~[?:?]
	at io.github.apace100.origins.util.MultiJsonDataLoader.prepare(MultiJsonDataLoader.java:43) ~[Origins-1.16.5-0.4.7.jar:?]
	at io.github.apace100.origins.util.MultiJsonDataLoader.method_18789(MultiJsonDataLoader.java:19) ~[Origins-1.16.5-0.4.7.jar:?]
	at net.minecraft.class_4080.method_18791(class_4080.java:11) ~[intermediary-server.jar:?]
	at java.util.concurrent.CompletableFuture$AsyncSupply.run(CompletableFuture.java:1700) [?:?]
	at java.util.concurrent.CompletableFuture$AsyncSupply.exec(CompletableFuture.java:1692) [?:?]
	at java.util.concurrent.ForkJoinTask.doExec(ForkJoinTask.java:290) [?:?]
	at java.util.concurrent.ForkJoinPool$WorkQueue.topLevelExec(ForkJoinPool.java:1020) [?:?]
	at java.util.concurrent.ForkJoinPool.scan(ForkJoinPool.java:1656) [?:?]
	at java.util.concurrent.ForkJoinPool.runWorker(ForkJoinPool.java:1594) [?:?]
	at java.util.concurrent.ForkJoinWorkerThread.run(ForkJoinWorkerThread.java:183) [?:?]
Caused by: com.google.gson.stream.MalformedJsonException: Unterminated object at line 10 column 3 path $.entity_action.effect
	at com.google.gson.stream.JsonReader.syntaxError(JsonReader.java:1559) ~[server.jar:?]
	at com.google.gson.stream.JsonReader.doPeek(JsonReader.java:491) ~[server.jar:?]
	at com.google.gson.stream.JsonReader.hasNext(JsonReader.java:414) ~[server.jar:?]
	at com.google.gson.internal.bind.TypeAdapters$29.read(TypeAdapters.java:738) ~[server.jar:?]
	at com.google.gson.internal.bind.TypeAdapters$29.read(TypeAdapters.java:739) ~[server.jar:?]
	at com.google.gson.internal.bind.TypeAdapters$29.read(TypeAdapters.java:714) ~[server.jar:?]
	at com.google.gson.internal.bind.TypeAdapters$35$1.read(TypeAdapters.java:910) ~[server.jar:?]
	at net.minecraft.class_3518.method_15267(class_3518.java:493) ~[intermediary-server.jar:?]
	... 13 more
[22:06:33] [Worker-Main-6/INFO]: Loaded 7 recipes
[22:06:34] [Worker-Main-6/INFO]: Loaded 927 advancements
[22:06:34] [Worker-Main-6/ERROR]: There was a problem reading power file soup:steamy_blood (skipping): JsonSyntaxException: Expected status effect to be a json object.
[22:06:34] [Worker-Main-6/INFO]: Finished loading powers from data files. Registry contains 59 powers.
[22:06:34] [Worker-Main-6/INFO]: Finished loading origins from data files. Registry contains 19 origins.
[22:06:34] [Worker-Main-6/INFO]: Trying to read layer file: origins:origin
[22:06:34] [Worker-Main-6/INFO]: Trying to read layer file: origins:origin
[22:06:34] [Worker-Main-6/INFO]: Finished loading origin layers from data files. Read 1 layers.
[22:06:37] [main/INFO]: Applied 0 biome modifications to 0 of 79 new biomes in 7.541 ms
[22:06:37] [Server thread/INFO]: Starting minecraft server version 1.16.5
[22:06:37] [Server thread/INFO]: Loading properties
[22:06:37] [Server thread/INFO]: Default game type: SURVIVAL
[22:06:37] [Server thread/INFO]: Generating keypair
[22:06:38] [Server thread/INFO]: Starting Minecraft server on 192.168.2.17:25565
[22:06:38] [Server thread/INFO]: Using default channel type
[22:06:39] [Server thread/INFO]: Preparing level "world"
[22:06:41] [Server thread/INFO]: Preparing start region for dimension minecraft:overworld
[22:06:44] [Server thread/INFO]: Preparing spawn area: 0%
[22:06:44] [Server thread/INFO]: Preparing spawn area: 0%
[22:06:44] [Server thread/INFO]: Preparing spawn area: 0%
[22:06:44] [Server thread/INFO]: Preparing spawn area: 0%
[22:06:44] [Server thread/INFO]: Preparing spawn area: 0%
[22:06:44] [Server thread/INFO]: Preparing spawn area: 0%
[22:06:44] [Server thread/INFO]: Preparing spawn area: 0%
[22:06:44] [Worker-Main-5/INFO]: Preparing spawn area: 0%
[22:06:45] [Server thread/INFO]: Preparing spawn area: 0%
[22:06:47] [Server thread/INFO]: Time elapsed: 6636 ms
[22:06:47] [Server thread/INFO]: Done (8.101s)! For help, type "help"
[22:06:54] [User Authenticator #1/INFO]: UUID of player josephbres is e1198139-6399-4017-852e-10cba29893cf
[22:06:55] [Server thread/INFO]: josephbres[/192.168.2.248:60174] logged in with entity id 126 at (132.15254815975067, 30.738442171182722, 251.65732778631775)
[22:06:55] [Server thread/INFO]: josephbres joined the game
[22:07:02] [Server thread/WARN]: Can't keep up! Is the server overloaded? Running 2259ms or 45 ticks behind
[22:07:46] [Server thread/INFO]: [josephbres: Set own game mode to Spectator Mode]
[22:08:18] [Server thread/INFO]: [josephbres: Set own game mode to Survival Mode]
[22:09:27] [Server thread/INFO]: [josephbres: Gave 1 [item.origins.orb_of_origin] to josephbres]
[22:09:58] [Server thread/INFO]: Player josephbres chose Origin: soup:debear, for layer: origins:origin
[22:11:24] [Server thread/INFO]: josephbres has made the advancement [Hot Stuff]
[22:33:02] [Server thread/INFO]: [josephbres: Set the weather to clear]
[22:34:46] [Server thread/INFO]: josephbres lost connection: Disconnected
[22:34:46] [Server thread/INFO]: josephbres left the game
