[01:54:52] [User Authenticator #2/INFO]: UUID of player BeastyFTW is e01719f1-facb-437a-940e-308c05ec23a8
[01:54:53] [Server thread/INFO]: BeastyFTW[/192.168.2.248:50997] logged in with entity id 2049 at (-683.5042111535407, 76.0, 240.43302446746867)
[01:54:53] [Server thread/INFO]: BeastyFTW joined the game
[02:02:19] [Server thread/INFO]: BeastyFTW has made the advancement [Sweet Dreams]
[02:36:43] [Server thread/INFO]: BeastyFTW lost connection: Disconnected
[02:36:43] [Server thread/INFO]: BeastyFTW left the game
[14:50:54] [User Authenticator #3/INFO]: UUID of player GhostRaider121 is f7a5ee69-7427-442d-92b5-35ee5c50ba41
[14:50:55] [Server thread/INFO]: GhostRaider121[/192.168.2.248:51222] logged in with entity id 7946 at (64.58434952381313, 81.0, 367.69999998807907)
[14:50:55] [Server thread/INFO]: GhostRaider121 joined the game
[14:53:22] [Server thread/INFO]: GhostRaider121 lost connection: Disconnected
[14:53:22] [Server thread/INFO]: GhostRaider121 left the game
[14:53:38] [User Authenticator #4/INFO]: UUID of player GhostRaider121 is f7a5ee69-7427-442d-92b5-35ee5c50ba41
[14:53:38] [Server thread/INFO]: GhostRaider121[/192.168.2.248:51225] logged in with entity id 8292 at (65.49170428646701, 88.0, 362.7983373647423)
[14:53:38] [Server thread/INFO]: GhostRaider121 joined the game
[14:53:59] [Server thread/INFO]: GhostRaider121 lost connection: Disconnected
[14:53:59] [Server thread/INFO]: GhostRaider121 left the game
[14:54:15] [User Authenticator #5/INFO]: UUID of player GhostRaider121 is f7a5ee69-7427-442d-92b5-35ee5c50ba41
[14:54:15] [Server thread/INFO]: GhostRaider121[/192.168.2.248:51231] logged in with entity id 8338 at (63.2812167188758, 68.0, 364.77633740609457)
[14:54:15] [Server thread/INFO]: GhostRaider121 joined the game
[14:58:49] [Server thread/INFO]: GhostRaider121 lost connection: Disconnected
[14:58:49] [Server thread/INFO]: GhostRaider121 left the game
[15:05:13] [User Authenticator #6/INFO]: UUID of player GhostRaider121 is f7a5ee69-7427-442d-92b5-35ee5c50ba41
[15:05:13] [Server thread/INFO]: GhostRaider121[/192.168.2.248:51242] logged in with entity id 8851 at (65.0516949648309, 88.0, 373.35295494930733)
[15:05:13] [Server thread/INFO]: GhostRaider121 joined the game
[15:06:15] [Server thread/INFO]: GhostRaider121 has made the advancement [Voluntary Exile]
[15:06:44] [Server thread/INFO]: GhostRaider121 lost connection: Disconnected
[15:06:44] [Server thread/INFO]: GhostRaider121 left the game
[16:34:28] [User Authenticator #7/INFO]: UUID of player Shakboyz is 412cfa73-3b79-46ab-ade7-7b5d06d4e8d5
[16:34:29] [Server thread/INFO]: Shakboyz[/192.168.2.248:51273] logged in with entity id 9039 at (50.01307903125783, 62.5, 362.55150613773725)
[16:34:30] [Server thread/INFO]: Shakboyz joined the game
[16:34:48] [Server thread/INFO]: Shakboyz lost connection: Disconnected
[16:34:48] [Server thread/INFO]: Shakboyz left the game
[16:35:38] [User Authenticator #8/INFO]: UUID of player josephbres is e1198139-6399-4017-852e-10cba29893cf
[16:35:38] [Server thread/INFO]: josephbres[/192.168.2.248:51276] logged in with entity id 9076 at (66.39544668633968, 64.0, 337.65370299788304)
[16:35:38] [Server thread/INFO]: josephbres joined the game
[16:44:54] [Server thread/INFO]: death.attack.hurt_by_water
[16:56:09] [Server thread/INFO]: [josephbres: Gave 64 [Cooked Chicken] to josephbres]
[17:21:10] [Server thread/INFO]: [josephbres: Gave 1 [Diamond Pickaxe] to josephbres]
[17:21:21] [Server thread/INFO]: [josephbres: Applied enchantment Silk Touch to josephbres's item]
[17:27:59] [Server thread/INFO]: [josephbres: Set the time to 1000]
[17:29:47] [Server thread/INFO]: josephbres lost connection: Disconnected
[17:29:47] [Server thread/INFO]: josephbres left the game
[17:30:33] [User Authenticator #9/INFO]: UUID of player josephbres is e1198139-6399-4017-852e-10cba29893cf
[17:30:33] [Server thread/INFO]: josephbres[/192.168.2.248:51294] logged in with entity id 15187 at (64.68593253291279, 64.0, 333.96747598558045)
[17:30:33] [Server thread/INFO]: josephbres joined the game
[17:33:51] [User Authenticator #10/INFO]: UUID of player GhostRaider121 is f7a5ee69-7427-442d-92b5-35ee5c50ba41
[17:33:51] [Server thread/INFO]: GhostRaider121[/192.168.2.248:51297] logged in with entity id 15616 at (61.065002744511645, 68.0, 366.9934360386335)
[17:33:51] [Server thread/INFO]: GhostRaider121 joined the game
[17:37:25] [Server thread/INFO]: [josephbres: Set the time to 1000]
[17:38:09] [Server thread/INFO]: [josephbres: Teleported josephbres to GhostRaider121]
[17:41:53] [Server thread/INFO]: josephbres has made the advancement [Voluntary Exile]
[17:41:58] [Server thread/INFO]: GhostRaider121 has made the advancement [Not Today, Thank You]
[17:42:07] [Server thread/INFO]: [josephbres: Set the weather to clear]
[17:44:28] [Server thread/INFO]: Villager class_1646['Fletcher'/15372, l='ServerLevel[world]', x=229.12, y=66.00, z=307.70] died, message: 'Fletcher was slain by Vindicator'
[17:44:37] [Server thread/INFO]: josephbres was slain by Vindicator
[17:51:49] [Server thread/INFO]: josephbres was slain by GhostRaider121
[17:52:14] [Server thread/INFO]: [josephbres: Teleported josephbres to GhostRaider121]
[17:52:39] [Server thread/INFO]: josephbres has made the advancement [Ol' Betsy]
[17:53:34] [Server thread/INFO]: [josephbres: Teleported josephbres to GhostRaider121]
[17:54:08] [Server thread/INFO]: [josephbres: Teleported josephbres to GhostRaider121]
[17:54:28] [Server thread/INFO]: [josephbres: Teleported josephbres to GhostRaider121]
[17:54:58] [Server thread/INFO]: [josephbres: Teleported josephbres to GhostRaider121]
[17:55:17] [Server thread/INFO]: [josephbres: Teleported josephbres to GhostRaider121]
[17:55:42] [Server thread/INFO]: [josephbres: Applied effect Speed to josephbres]
[17:55:46] [Server thread/INFO]: [josephbres: Teleported josephbres to GhostRaider121]
[17:56:09] [Server thread/INFO]: [josephbres: Teleported josephbres to GhostRaider121]
[17:56:14] [Server thread/INFO]: GhostRaider121 lost connection: Disconnected
[17:56:14] [Server thread/INFO]: GhostRaider121 left the game
[17:56:44] [User Authenticator #11/INFO]: UUID of player GhostRaider121 is f7a5ee69-7427-442d-92b5-35ee5c50ba41
[17:56:44] [Server thread/INFO]: GhostRaider121[/192.168.2.248:51309] logged in with entity id 19281 at (150.4223190043555, 59.0, 429.4318510613519)
[17:56:44] [Server thread/INFO]: GhostRaider121 joined the game
[17:57:09] [Server thread/INFO]: [josephbres: Applied effect Glowing to GhostRaider121]
[17:57:23] [Server thread/INFO]: [josephbres: Applied effect Speed to josephbres]
[17:57:35] [Server thread/INFO]: GhostRaider121 was slain by Magma Cube
[17:59:37] [Server thread/INFO]: GhostRaider121 lost connection: Disconnected
[17:59:37] [Server thread/INFO]: GhostRaider121 left the game
[17:59:53] [Server thread/INFO]: josephbres lost connection: Disconnected
[17:59:53] [Server thread/INFO]: josephbres left the game
[18:00:09] [User Authenticator #12/INFO]: UUID of player GhostRaider121 is f7a5ee69-7427-442d-92b5-35ee5c50ba41
[18:00:10] [Server thread/INFO]: GhostRaider121[/192.168.2.248:51313] logged in with entity id 20107 at (82.19824625101035, 64.0, 341.3621657984679)
[18:00:10] [Server thread/INFO]: GhostRaider121 joined the game
[18:00:41] [Server thread/WARN]: GhostRaider121 moved wrongly!
[18:01:43] [User Authenticator #13/INFO]: UUID of player josephbres is e1198139-6399-4017-852e-10cba29893cf
[18:01:43] [Server thread/INFO]: josephbres[/192.168.2.248:51317] logged in with entity id 20298 at (79.66747220072226, 64.0, 340.5182611302256)
[18:01:43] [Server thread/INFO]: josephbres joined the game
[18:02:05] [Server thread/INFO]: GhostRaider121 was shot by josephbres
[18:06:22] [Server thread/INFO]: GhostRaider121 lost connection: Disconnected
[18:06:22] [Server thread/INFO]: GhostRaider121 left the game
[18:06:26] [Server thread/INFO]: josephbres lost connection: Disconnected
[18:06:26] [Server thread/INFO]: josephbres left the game
[19:43:16] [User Authenticator #14/INFO]: UUID of player GhostRaider121 is f7a5ee69-7427-442d-92b5-35ee5c50ba41
[19:43:16] [Server thread/INFO]: GhostRaider121[/192.168.2.248:51379] logged in with entity id 20881 at (68.69999998807907, 68.0, 362.42500001192093)
[19:43:16] [Server thread/INFO]: GhostRaider121 joined the game
[19:43:27] [Server thread/INFO]: GhostRaider121 lost connection: Disconnected
[19:43:27] [Server thread/INFO]: GhostRaider121 left the game
[20:17:50] [User Authenticator #15/INFO]: UUID of player josephbres is e1198139-6399-4017-852e-10cba29893cf
[20:17:50] [Server thread/INFO]: josephbres[/192.168.2.248:51390] logged in with entity id 20921 at (67.46881245545813, 70.0, 361.4086232126759)
[20:17:50] [Server thread/INFO]: josephbres joined the game
[20:27:37] [Server thread/INFO]: josephbres lost connection: Disconnected
[20:27:37] [Server thread/INFO]: josephbres left the game
[20:30:55] [User Authenticator #16/INFO]: UUID of player BeastyFTW is e01719f1-facb-437a-940e-308c05ec23a8
[20:30:55] [Server thread/INFO]: BeastyFTW[/192.168.2.248:51396] logged in with entity id 21953 at (172.83134436889515, 63.0, 284.38899067088596)
[20:30:55] [Server thread/INFO]: BeastyFTW joined the game
[20:32:18] [Server thread/INFO]: BeastyFTW lost connection: Disconnected
[20:32:18] [Server thread/INFO]: BeastyFTW left the game
[20:35:17] [User Authenticator #17/INFO]: UUID of player josephbres is e1198139-6399-4017-852e-10cba29893cf
[20:35:18] [Server thread/INFO]: josephbres[/192.168.2.248:51403] logged in with entity id 22117 at (173.44070102572383, 63.0, 286.49509068237217)
[20:35:18] [Server thread/INFO]: josephbres joined the game
[20:35:54] [User Authenticator #18/INFO]: UUID of player GhostRaider121 is f7a5ee69-7427-442d-92b5-35ee5c50ba41
[20:35:54] [Server thread/INFO]: GhostRaider121[/192.168.2.248:51406] logged in with entity id 22227 at (60.39066837537136, 68.0, 367.4433430563869)
[20:35:54] [Server thread/INFO]: GhostRaider121 joined the game
[20:37:44] [Server thread/INFO]: GhostRaider121 was slain by josephbres
[20:48:06] [Server thread/INFO]: GhostRaider121 was slain by Jerry Can
[20:50:10] [Server thread/INFO]: GhostRaider121 was shot by josephbres
[20:51:53] [Server thread/INFO]: josephbres was slain by GhostRaider121
[20:54:01] [Server thread/INFO]: GhostRaider121 was blown up by Creeper
[20:54:49] [Server thread/INFO]: josephbres lost connection: Disconnected
[20:54:49] [Server thread/INFO]: josephbres left the game
[20:55:22] [Server thread/INFO]: GhostRaider121 lost connection: Disconnected
[20:55:22] [Server thread/INFO]: GhostRaider121 left the game
