[23:07:40] [main/INFO]: Loading for game Minecraft 1.16.5
[23:07:41] [ForkJoinPool-1-worker-3/WARN]: The mod "autoconfig1u" contains invalid entries in its mod json:
- Unsupported root entry "$schema" at line 2 column 14
[23:07:41] [main/INFO]: [FabricLoader] Loading 64 mods: fabric-renderer-api-v1@0.4.1+ca58154a7d, fallflyinglib@1.1.0, fabric-keybindings-v0@0.2.1+ca58154a7d, cardinal-components-block@2.7.12, fabricloader@0.11.1, fabric-structure-api-v1@1.1.4+ca58154a7d, fabric-containers-v0@0.1.11+9354966b7d, lithium@0.6.3, fabric-object-builder-api-v1@1.9.4+9354966b7d, fabric-dimensions-v1@2.0.6+9354966b7d, java@11, fabric-game-rule-api-v1@1.0.6+ca58154a7d, fabric-api-base@0.2.1+9354966b7d, fabric-rendering-data-attachment-v1@0.1.5+ca58154a7d, fabric-textures-v0@1.0.6+ca58154a7d, cardinal-components-item@2.7.12, fabric-rendering-fluids-v1@0.1.13+ca58154a7d, reach-entity-attributes@1.0.1, cardinal-components-level@2.7.12, fabric-blockrenderlayer-v1@1.1.5+ca58154a7d, fabric-lifecycle-events-v1@1.2.1+ca58154a7d, cardinal-components-chunk@2.7.12, fabric-renderer-registries-v1@2.2.1+ca58154a7d, cardinal-components-util@2.7.12, fabric-loot-tables-v1@1.0.2+ca58154a7d, cardinal-components-scoreboard@2.7.12, fabric@0.30.3+1.16, fabric-particles-v1@0.2.4+ca58154a7d, fabric-networking-v0@0.3.2+ca58154a7d, fabric-networking-blockentity-v0@0.2.8+ca58154a7d, fabric-screen-handler-api-v1@1.1.5+9354966b7d, minecraft@1.16.5, cloth-basic-math@0.5.1, fabric-command-api-v1@1.0.10+ca58154a7d, phosphor@0.7.1+build.11, fabric-screen-api-v1@1.0.0+c045166c7d, fabric-tool-attribute-api-v1@1.2.6+ca58154a7d, fabric-renderer-indigo@0.4.4+ca58154a7d, fabric-item-api-v1@1.2.1+ca58154a7d, fabric-events-interaction-v0@0.4.2+ca58154a7d, fabric-crash-report-info-v1@0.1.3+ca58154a7d, cardinal-components@2.7.12, fabric-entity-events-v1@1.0.3+ca58154a7d, origins@0.4.7, fabric-rendering-v0@1.1.2+ca58154a7d, fabric-key-binding-api-v1@1.0.4+9354966b7d, fabric-rendering-v1@1.5.1+ca58154a7d, cloth-config2@4.8.1, autoconfig1u@3.2.2, fabric-resource-loader-v0@0.4.2+ca58154a7d, fabric-content-registries-v0@0.2.1+ca58154a7d, fabric-tag-extensions-v0@1.1.1+ca58154a7d, cardinal-components-world@2.7.12, fabric-biome-api-v1@3.1.1+ca58154a7d, cardinal-components-entity@2.7.12, fabric-registry-sync-v0@0.7.4+ca58154a7d, fabric-commands-v0@0.2.2+ca58154a7d, cardinal-components-base@2.7.12, fabric-mining-levels-v0@0.1.3+ca58154a7d, fabric-networking-api-v1@1.0.1+ca58154a7d, fabric-events-lifecycle-v0@0.2.1+ca58154a7d, fabric-models-v0@0.2.1+ca58154a7d, fabric-item-groups-v0@0.2.3+ca58154a7d, fabric-object-builders-v0@0.7.2+ca58154a7d
[23:07:41] [main/INFO]: SpongePowered MIXIN Subsystem Version=0.8.2 Source=file:/C:/Users/Caleb/Desktop/Fabric/fabric-server-launch.jar Service=Knot/Fabric Env=SERVER
[23:07:47] [main/WARN]: @Mixin target net/minecraft/class_3898$class_3208 is public in fabric-networking-a[23:07:59] [main/INFO]: Origins is initializing. Have fun!
[23:08:03] [main/INFO]:[23:08:09] [main/INFO]: BeforeConstant is searching for constants in method with descriptor (Lnet/minecraft/class_1297;)V
[23:08:09] [main/INFO]:   BeforeConstant found CLASS constant: value = Lnet/minecraft/class_1309;, typeValue = Lnet/minecraft/class_1309;
[23:08:09] [main/INFO]:     BeforeConstant found a matching constant value at ordinal 0
[23:08:09] [main/INFO]:   BeforeConstant found CLASS constant: value = Lnet/minecraft/class_1309;, typeValue = Lnet/minecraft/class_1309;
[23:08:09] [main/INFO]:     BeforeConstant found a matching constant value at ordinal 1
[23:08:09] [main/INFO]:   BeforeConstant found CLASS constant: value = Lnet/minecraft/class_1309;, typeValue = Lnet/minecraft/class_1309;
[23:08:09] [main/INFO]:     BeforeConstant found a matching constant value at ordinal 2
[23:08:09] [main/INFO]:       BeforeConstant found TypeInsn       [INSTANCEOF]
[23:08:09] [main/INFO]:   BeforeConstant found CLASS constant: value = Lnet/minecraft/class_1309;, typeValue = Lnet/minecraft/class_1309;
[23:08:09] [main/INFO]:     BeforeConstant found a matching constant value at ordinal 3
in-5/ERROR]: Couldn't parse data file soup:test from soup:powers/test.json
com.google.gson.JsonParseException: com.google.gson.stream.MalformedJsonException: Unterminated object at line 10 column 3 path $.entity_action.effect
	at net.minecraft.class_3518.method_15267(class_3518.java:495) ~[intermediary-server.jar:?]
	at net.minecraft.class_3518.method_15276(class_3518.java:532) ~[intermediary-server.jar:?]
	at io.github.apace100.origins.util.MultiJsonDataLoader.lambda$prepare$1(MultiJsonDataLoader.java:57) ~[Origins-1.16.5-0.4.7.jar:?]
	at java.util.ArrayList.forEach(ArrayList.java:1541) ~[?:?]
	at io.github.apace100.origins.util.MultiJsonDataLoader.prepare(MultiJsonDataLoader.java:43) ~[Origins-1.16.5-0.4.7.jar:?]
	at io.github.apace100.origins.util.MultiJsonDataLoader.method_18789(MultiJsonDataLoader.java:19) ~[Origins-1.16.5-0.4.7.jar:?]
	at net.minecraft.class_4080.method_18791(class_4080.java:11) ~[intermediary-server.jar:?]
	at java.util.concurrent.CompletableFuture$AsyncSupply.run(CompletableFuture.java:1700) [?:?]
	at java.util.concurrent.CompletableFuture$AsyncSupply.exec(CompletableFuture.java:1692) [?:?]
	at java.util.concurrent.ForkJoinTask.doExec(ForkJoinTask.java:290) [?:?]
	at java.util.concurrent.ForkJoinPool$WorkQueue.topLevelExec(ForkJoinPool.java:1020) [?:?]
	at java.util.concurrent.ForkJoinPool.scan(ForkJoinPool.java:1656) [?:?]
	at java.util.concurrent.ForkJoinPool.runWorker(ForkJoinPool.java:1594) [?:?]
	at java.util.concurrent.ForkJoinWorkerThread.run(ForkJoinWorkerThread.java:183) [?:?]
Caused by: com.google.gson.stream.MalformedJsonException: Unterminated object at line 10 column 3 path $.entity_action.effect
	at com.google.gson.stream.JsonReader.syntaxError(JsonReader.java:1559) ~[server.jar:?]
	at com.google.gson.stream.JsonReader.doPeek(JsonReader.java:491) ~[server.jar:?]
	at com.google.gson.stream.JsonReader.hasNext(JsonReader.java:414) ~[server.jar:?]
	at com.google.gson.internal.bind.TypeAdapters$29.read(TypeAdapters.java:738) ~[server.jar:?]
	at com.google.gson.internal.bind.TypeAdapters$29.read(TypeAdapters.java:739) ~[server.jar:?]
	at com.google.gson.internal.bind.TypeAdapters$29.read(TypeAdapters.java:714) ~[server.jar:?]
	at com.google.gson.internal.bind.TypeAdapters$35$1.read(TypeAdapters.java:910) ~[server.jar:?]
	at net.minecraft.class_3518.method_15267(class_3518.java:493) ~[intermediary-server.jar:?]
	... 13 more
[23:08:08] [Worker-Main-4/INFO]: Loaded 7 recipes
[23:08:09] [Worker-Main-4/INFO]: Loaded 927 advancements
[23:08:09] [Worker-Main-4/ERROR]: There was a problem reading power file soup:steamy_blood (skipping): JsonSyntaxException: Expected status effect to be a json object.
[23:08:09] [Worker-Main-4/INFO]: Finished loading powers from data files. Registry contains 57 powers.
[23:08:09] [Worker-Main-4/INFO]: Finished loading origins from data files. Registry contains 19 origins.
[23:08:09] [Worker-Main-4/INFO]: Trying to read layer file: origins:origin
[23:08:09] [Worker-Main-4/INFO]: Trying to read layer file: origins:origin
[23:08:09] [Worker-Main-4/INFO]: Finished loading origin layers from data files. Read 1 layers.
[23:08:12] [main/INFO]: Applied 0 biome modifications to 0 of 79 new biomes in 3.674 ms
[23:08:12] [Server thread/INFO]: Starting minecraft server version 1.16.5
[23:08:12] [Server thread/INFO]: Loading properties
[23:08:12] [Server thread/INFO]: Default game type: SURVIVAL
[23:08:12] [Server thread/INFO]: Generating keypair
[23:08:14] [Server thread/INFO]: Starting Minecraft server on 192.168.2.17:25565
[23:08:14] [Server thread/INFO]: Using default channel type
[23:08:15] [Server thread/INFO]: Preparing level "world"
[23:08:16] [Server thread/INFO]: Preparing start region for dimension minecraft:overworld
[23:08:18] [Server thread/INFO]: Preparing spawn area: 0%
[23:08:18] [Server thread/INFO]: Preparing spawn area: 0%
[23:08:18] [Server thread/INFO]: Preparing spawn area: 0%
[23:08:18] [Server thread/INFO]: Preparing spawn area: 0%
[23:08:18] [Server thread/INFO]: Preparing spawn area: 0%
[23:08:18] [Server thread/INFO]: Preparing spawn area: 0%
[23:08:19] [Worker-Main-4/INFO]: Preparing spawn area: 0%
[23:08:19] [Worker-Main-5/INFO]: Preparing spawn area: 0%
[23:08:20] [Worker-Main-5/INFO]: Preparing spawn area: 83%
[23:08:22] [Server thread/INFO]: Time elapsed: 5975 ms
[23:08:22] [Server thread/INFO]: Done (6.903s)! For help, type "help"
[23:23:33] [Server thread/WARN]: Can't keep up! Is the server overloaded? Running 10843ms or 216 ticks behind
