[19:52:39] [main/INFO]: Loading for game Minecraft 1.16.5
[19:52:40] [ForkJoinPool-1-worker-3/WARN]: The mod "autoconfig1u" contains invalid entries in its mod json:
- Unsupported root entry "$schema" at line 2 column 14
[19:52:40] [main/INFO]: [FabricLoader] Loading 64 mods: fabric-renderer-api-v1@0.4.1+ca58154a7d, fallflyinglib@1.1.0, fabric-keybindings-v0@0.2.1+ca58154a7d, cardinal-components-block@2.7.12, fabricloader@0.11.1, fabric-structure-api-v1@1.1.4+ca58154a7d, fabric-containers-v0@0.1.11+9354966b7d, lithium@0.6.3, fabric-object-builder-api-v1@1.9.4+9354966b7d, fabric-dimensions-v1@2.0.6+9354966b7d, java@11, fabric-game-rule-api-v1@1.0.6+ca58154a7d, fabric-api-base@0.2.1+9354966b7d, fabric-rendering-data-attachment-v1@0.1.5+ca58154a7d, fabric-textures-v0@1.0.6+ca58154a7d, cardinal-components-item@2.7.12, fabric-rendering-fluids-v1@0.1.13+ca58154a7d, reach-entity-attributes@1.0.1, cardinal-components-level@2.7.12, fabric-blockrenderlayer-v1@1.1.5+ca58154a7d, fabric-lifecycle-events-v1@1.2.1+ca58154a7d, cardinal-components-chunk@2.7.12, fabric-renderer-registries-v1@2.2.1+ca58154a7d, cardinal-components-util@2.7.12, fabric-loot-tables-v1@1.0.2+ca58154a7d, cardinal-components-scoreboard@2.7.12, fabric@0.30.3+1.16, fabric-particles-v1@0.2.4+ca58154a7d, fabric-networking-v0@0.3.2+ca58154a7d, fabric-screen-handler-api-v1@1.1.5+9354966b7d, fabric-networking-blockentity-v0@0.2.8+ca58154a7d, minecraft@1.16.5, cloth-basic-math@0.5.1, fabric-command-api-v1@1.0.10+ca58154a7d, phosphor@0.7.1+build.11, fabric-screen-api-v1@1.0.0+c045166c7d, fabric-tool-attribute-api-v1@1.2.6+ca58154a7d, fabric-renderer-indigo@0.4.4+ca58154a7d, fabric-item-api-v1@1.2.1+ca58154a7d, fabric-crash-report-info-v1@0.1.3+ca58154a7d, fabric-events-interaction-v0@0.4.2+ca58154a7d, cardinal-components@2.7.12, fabric-entity-events-v1@1.0.3+ca58154a7d, origins@0.4.7, fabric-rendering-v0@1.1.2+ca58154a7d, fabric-rendering-v1@1.5.1+ca58154a7d, fabric-key-binding-api-v1@1.0.4+9354966b7d, cloth-config2@4.8.1, fabric-resource-loader-v0@0.4.2+ca58154a7d, autoconfig1u@3.2.2, fabric-content-registries-v0@0.2.1+ca58154a7d, fabric-tag-extensions-v0@1.1.1+ca58154a7d, cardinal-components-world@2.7.12, fabric-biome-api-v1@3.1.1+ca58154a7d, cardinal-components-entity@2.7.12, fabric-registry-sync-v0@0.7.4+ca58154a7d, fabric-commands-v0@0.2.2+ca58154a7d, cardinal-components-base@2.7.12, fabric-mining-levels-v0@0.1.3+ca58154a7d, fabric-networking-api-v1@1.0.1+ca58154a7d, fabric-events-lifecycle-v0@0.2.1+ca58154a7d, fabric-models-v0@0.2.1+ca58154a7d, fabric-item-groups-v0@0.2.3+ca58154a7d, fabric-object-builders-v0@0.7.2+ca58154a7d
[19:52:41] [main/INFO]: SpongePowered MIXIN Subsystem Version=0.8.2 Source=file:/C:/Users/Caleb/Desktop/Fabric/fabric-server-launch.jar Service=Knot/Fabric Env=SERVER
[19:52:47] [main/WARN]: @Mixin target net/minecraft/class_3898$class_3208 is public in fabric-networking-a[19:53:01] [main/INFO]: Origins is initializing. Have fun!
[19:53:04] [main/INFO]:[19:53:12] [main/INFO]: BeforeConstant is searching for constants in method with descriptor (Lnet/minecraft/class_1297;)V
[19:53:12] [main/INFO]:   BeforeConstant found CLASS constant: value = Lnet/minecraft/class_1309;, typeValue = Lnet/minecraft/class_1309;
[19:53:12] [main/INFO]:     BeforeConstant found a matching constant value at ordinal 0
[19:53:12] [main/INFO]:   BeforeConstant found CLASS constant: value = Lnet/minecraft/class_1309;, typeValue = Lnet/minecraft/class_1309;
[19:53:12] [main/INFO]:     BeforeConstant found a matching constant value at ordinal 1
[19:53:12] [main/INFO]:   BeforeConstant found CLASS constant: value = Lnet/minecraft/class_1309;, typeValue = Lnet/minecraft/class_1309;
[19:53:12] [main/INFO]:     BeforeConstant found a matching constant value at ordinal 2
[19:53:12] [main/INFO]:       BeforeConstant found TypeInsn       [INSTANCEOF]
[19:53:12] [main/INFO]:   BeforeConstant found CLASS constant: value = Lnet/minecraft/class_1309;, typeValue = Lnet/minecraft/class_1309;
[19:53:12] [main/INFO]:     BeforeConstant found a matching constant value at ordinal 3
in-6/ERROR]: Couldn't parse data file soup:test from soup:powers/test.json
com.google.gson.JsonParseException: com.google.gson.stream.MalformedJsonException: Unterminated object at line 10 column 3 path $.entity_action.effect
	at net.minecraft.class_3518.method_15267(class_3518.java:495) ~[intermediary-server.jar:?]
	at net.minecraft.class_3518.method_15276(class_3518.java:532) ~[intermediary-server.jar:?]
	at io.github.apace100.origins.util.MultiJsonDataLoader.lambda$prepare$1(MultiJsonDataLoader.java:57) ~[Origins-1.16.5-0.4.7.jar:?]
	at java.util.ArrayList.forEach(ArrayList.java:1541) ~[?:?]
	at io.github.apace100.origins.util.MultiJsonDataLoader.prepare(MultiJsonDataLoader.java:43) ~[Origins-1.16.5-0.4.7.jar:?]
	at io.github.apace100.origins.util.MultiJsonDataLoader.method_18789(MultiJsonDataLoader.java:19) ~[Origins-1.16.5-0.4.7.jar:?]
	at net.minecraft.class_4080.method_18791(class_4080.java:11) ~[intermediary-server.jar:?]
	at java.util.concurrent.CompletableFuture$AsyncSupply.run(CompletableFuture.java:1700) [?:?]
	at java.util.concurrent.CompletableFuture$AsyncSupply.exec(CompletableFuture.java:1692) [?:?]
	at java.util.concurrent.ForkJoinTask.doExec(ForkJoinTask.java:290) [?:?]
	at java.util.concurrent.ForkJoinPool$WorkQueue.topLevelExec(ForkJoinPool.java:1020) [?:?]
	at java.util.concurrent.ForkJoinPool.scan(ForkJoinPool.java:1656) [?:?]
	at java.util.concurrent.ForkJoinPool.runWorker(ForkJoinPool.java:1594) [?:?]
	at java.util.concurrent.ForkJoinWorkerThread.run(ForkJoinWorkerThread.java:183) [?:?]
Caused by: com.google.gson.stream.MalformedJsonException: Unterminated object at line 10 column 3 path $.entity_action.effect
	at com.google.gson.stream.JsonReader.syntaxError(JsonReader.java:1559) ~[server.jar:?]
	at com.google.gson.stream.JsonReader.doPeek(JsonReader.java:491) ~[server.jar:?]
	at com.google.gson.stream.JsonReader.hasNext(JsonReader.java:414) ~[server.jar:?]
	at com.google.gson.internal.bind.TypeAdapters$29.read(TypeAdapters.java:738) ~[server.jar:?]
	at com.google.gson.internal.bind.TypeAdapters$29.read(TypeAdapters.java:739) ~[server.jar:?]
	at com.google.gson.internal.bind.TypeAdapters$29.read(TypeAdapters.java:714) ~[server.jar:?]
	at com.google.gson.internal.bind.TypeAdapters$35$1.read(TypeAdapters.java:910) ~[server.jar:?]
	at net.minecraft.class_3518.method_15267(class_3518.java:493) ~[intermediary-server.jar:?]
	... 13 more
[19:53:10] [Worker-Main-4/INFO]: Loaded 7 recipes
[19:53:11] [Worker-Main-4/INFO]: Loaded 927 advancements
[19:53:11] [Worker-Main-4/ERROR]: There was a problem reading power file soup:steamy_blood (skipping): JsonSyntaxException: Expected status effect to be a json object.
[19:53:11] [Worker-Main-4/INFO]: Finished loading powers from data files. Registry contains 59 powers.
[19:53:11] [Worker-Main-4/INFO]: Finished loading origins from data files. Registry contains 19 origins.
[19:53:11] [Worker-Main-4/INFO]: Trying to read layer file: origins:origin
[19:53:11] [Worker-Main-4/INFO]: Trying to read layer file: origins:origin
[19:53:11] [Worker-Main-4/INFO]: Finished loading origin layers from data files. Read 1 layers.
[19:53:14] [main/INFO]: Applied 0 biome modifications to 0 of 79 new biomes in 6.133 ms
[19:53:15] [Server thread/INFO]: Starting minecraft server version 1.16.5
[19:53:15] [Server thread/INFO]: Loading properties
[19:53:15] [Server thread/INFO]: Default game type: SURVIVAL
[19:53:15] [Server thread/INFO]: Generating keypair
[19:53:16] [Server thread/INFO]: Starting Minecraft server on 192.168.2.17:25565
[19:53:16] [Server thread/INFO]: Using default channel type
[19:53:17] [Server thread/INFO]: Preparing level "world"
[19:53:19] [Server thread/INFO]: Preparing start region for dimension minecraft:overworld
[19:53:21] [Server thread/INFO]: Preparing spawn area: 0%
[19:53:21] [Server thread/INFO]: Preparing spawn area: 0%
[19:53:21] [Server thread/INFO]: Preparing spawn area: 0%
[19:53:21] [Server thread/INFO]: Preparing spawn area: 0%
[19:53:21] [Server thread/INFO]: Preparing spawn area: 0%
[19:53:21] [Server thread/INFO]: Preparing spawn area: 0%
[19:53:22] [Worker-Main-5/INFO]: Preparing spawn area: 0%
[19:53:22] [Server thread/INFO]: Preparing spawn area: 0%
[19:53:23] [Server thread/INFO]: Preparing spawn area: 0%
[19:53:25] [Server thread/INFO]: Time elapsed: 6405 ms
[19:53:25] [Server thread/INFO]: Done (7.986s)! For help, type "help"
[19:54:02] [User Authenticator #1/INFO]: UUID of player josephbres is e1198139-6399-4017-852e-10cba29893cf
[19:54:04] [Server thread/INFO]: josephbres[/192.168.2.248:50365] logged in with entity id 111 at (81.6180869694599, 70.0, 354.5760803859622)
[19:54:04] [Server thread/INFO]: josephbres joined the game
[19:54:05] [Server thread/WARN]: Can't keep up! Is the server overloaded? Running 2279ms or 45 ticks behind
[19:54:38] [Server thread/INFO]: [josephbres: Gave 64 [Steak] to josephbres]
[19:55:08] [Server thread/INFO]: [josephbres: Gave 1 [item.origins.orb_of_origin] to josephbres]
[19:55:23] [Server thread/INFO]: Player josephbres chose Origin: soup:toy, for layer: origins:origin
[19:55:39] [Server thread/INFO]: [josephbres: Set the weather to clear]
[19:55:56] [Server thread/INFO]: [josephbres: Gave 1 [Spider Spawn Egg] to josephbres]
[19:56:44] [Server thread/INFO]: [josephbres: Gave 1 [item.origins.orb_of_origin] to josephbres]
[19:56:48] [Server thread/INFO]: Player josephbres chose Origin: soup:work, for layer: origins:origin
[19:57:11] [Server thread/INFO]: [josephbres: Gave 1 [Spider Spawn Egg] to josephbres]
[19:57:21] [Server thread/INFO]: [josephbres: Gave 1 [item.origins.orb_of_origin] to josephbres]
[19:57:27] [Server thread/INFO]: Player josephbres chose Origin: soup:wendigo, for layer: origins:origin
[19:57:51] [Server thread/INFO]: josephbres was slain by Spider
[19:57:51] [Server thread/INFO]: josephbres lost connection: Disconnected
[19:57:51] [Server thread/INFO]: josephbres left the game
[19:58:01] [User Authenticator #2/INFO]: UUID of player josephbres is e1198139-6399-4017-852e-10cba29893cf
[19:58:01] [Server thread/INFO]: josephbres[/192.168.2.248:50369] logged in with entity id 718 at (58.194886835713234, 64.0, 346.1610609445124)
[19:58:01] [Server thread/INFO]: josephbres joined the game
[19:58:08] [Server thread/INFO]: [josephbres: Gave 1 [item.origins.orb_of_origin] to josephbres]
[19:58:13] [Server thread/INFO]: Player josephbres chose Origin: soup:debear, for layer: origins:origin
[19:59:14] [Server thread/INFO]: josephbres lost connection: Disconnected
[19:59:14] [Server thread/INFO]: josephbres left the game
